<?xml version="1.0" encoding="UTF-8"?>
<!-- Generated by org.testng.reporters.JUnitReportReporter -->
<testsuite skipped="0" hostname="IBM-PF34902F" name="RestAssured1.FirstRestAssuredProject.TestCases" tests="7" failures="0" timestamp="17 May 2022 15:26:57 GMT" time="15.030" errors="0">
  <testcase name="Post" time="4.523" classname="RestAssured1.FirstRestAssuredProject.TestCases"/>
  <testcase name="Get" time="1.853" classname="RestAssured1.FirstRestAssuredProject.TestCases"/>
  <testcase name="Put" time="1.750" classname="RestAssured1.FirstRestAssuredProject.TestCases"/>
  <testcase name="Delete" time="1.751" classname="RestAssured1.FirstRestAssuredProject.TestCases"/>
  <testcase name="DeleteNegativeScenario" time="1.716" classname="RestAssured1.FirstRestAssuredProject.TestCases"/>
  <testcase name="PostMethodUsingStringBody" time="1.740" classname="RestAssured1.FirstRestAssuredProject.TestCases"/>
  <testcase name="PutMethodUsingStringBody" time="1.697" classname="RestAssured1.FirstRestAssuredProject.TestCases"/>
</testsuite> <!-- RestAssured1.FirstRestAssuredProject.TestCases -->
